<?xml version="1.0" encoding="utf-8"?><testsuites><testsuite errors="0" failures="0" hostname="DESKTOP-JM4PRJ4" name="pytest" skipped="0" tests="3" time="0.866" timestamp="2019-12-31T01:52:16.822345"><testcase classname="tests.test_archer_tools" file="tests\test_archer_tools.py" line="19" name="test_good_config" time="0.301"><system-out>C:\Users\gotbo\Documents\code\archer_tools/tests/config.yaml
</system-out></testcase><testcase classname="tests.test_archer_tools" file="tests\test_archer_tools.py" line="30" name="test_bad_config" time="0.002"></testcase><testcase classname="tests.test_archer_tools" file="tests\test_archer_tools.py" line="37" name="test_command_line_interface" time="0.039"></testcase></testsuite></testsuites>